<?xml version="1.0" encoding="utf-8"?><testsuites><testsuite name="pytest" errors="0" failures="4" skipped="0" tests="15" time="0.060" timestamp="2025-02-05T18:06:56.311549+05:30" hostname="Tilaks-MacBook-Air.local"><testcase classname="baserock_generated_tests.baserock_test_ciphers" name="test_cipherset_namedtuple" time="0.001" /><testcase classname="baserock_generated_tests.baserock_test_ciphers" name="test_all_list_content" time="0.001"><failure message="AssertionError: assert 69 == 74&#10; +  where 69 = len([b'\x00\x16', b'\x003', b'\x00g', b'\xc0\x9e', b'\xc0\xa2', b'\x00\x9e', ...])">def test_all_list_content():
        assert isinstance(ALL_LIST, List)
        assert all(isinstance(item, bytes) for item in ALL_LIST)
&gt;       assert len(ALL_LIST) == 74
E       AssertionError: assert 69 == 74
E        +  where 69 = len([b'\x00\x16', b'\x003', b'\x00g', b'\xc0\x9e', b'\xc0\xa2', b'\x00\x9e', ...])

jarm/ciphers/baserock_generated_tests/baserock_test_ciphers.py:17: AssertionError</failure></testcase><testcase classname="baserock_generated_tests.baserock_test_ciphers" name="test_no_1_3_list_content" time="0.000"><failure message="AssertionError: assert 64 == 69&#10; +  where 64 = len([b'\x00\x16', b'\x003', b'\x00g', b'\xc0\x9e', b'\xc0\xa2', b'\x00\x9e', ...])">def test_no_1_3_list_content():
        assert isinstance(NO_1_3_LIST, List)
        assert all(isinstance(item, bytes) for item in NO_1_3_LIST)
&gt;       assert len(NO_1_3_LIST) == 69
E       AssertionError: assert 64 == 69
E        +  where 64 = len([b'\x00\x16', b'\x003', b'\x00g', b'\xc0\x9e', b'\xc0\xa2', b'\x00\x9e', ...])

jarm/ciphers/baserock_generated_tests/baserock_test_ciphers.py:24: AssertionError</failure></testcase><testcase classname="baserock_generated_tests.baserock_test_ciphers" name="test_all_list_no_1_3_list_differences" time="0.000" /><testcase classname="baserock_generated_tests.baserock_test_ciphers" name="test_ciphers_dictionary" time="0.000" /><testcase classname="baserock_generated_tests.baserock_test_ciphers" name="test_ciphers_all" time="0.000" /><testcase classname="baserock_generated_tests.baserock_test_ciphers" name="test_ciphers_no_1_3" time="0.000" /><testcase classname="baserock_generated_tests.baserock_test_ciphers" name="test_cipherset_immutability" time="0.000"><failure message="Failed: DID NOT RAISE &lt;class 'AttributeError'&gt;">def test_cipherset_immutability():
        with pytest.raises(AttributeError):
            CIPHERS[ALL].name = "New Name"
    
&gt;       with pytest.raises(AttributeError):
E       Failed: DID NOT RAISE &lt;class 'AttributeError'&gt;

jarm/ciphers/baserock_generated_tests/baserock_test_ciphers.py:52: Failed</failure></testcase><testcase classname="baserock_generated_tests.baserock_test_ciphers" name="test_all_list_no_duplicates" time="0.000" /><testcase classname="baserock_generated_tests.baserock_test_ciphers" name="test_no_1_3_list_no_duplicates" time="0.000" /><testcase classname="baserock_generated_tests.baserock_test_ciphers" name="test_ciphers_keys_match_constants" time="0.000" /><testcase classname="baserock_generated_tests.baserock_test_ciphers" name="test_cipherset_representation" time="0.000" /><testcase classname="baserock_generated_tests.baserock_test_ciphers" name="test_all_list_order" time="0.000"><failure message="AssertionError: assert b'\x00\x00' == b'\x00\x05'&#10;  &#10;  At index 1 diff: b'\x00' != b'\x05'&#10;  Use -v to get more diff">def test_all_list_order():
        assert ALL_LIST[0] == b'\x00\x16'
&gt;       assert ALL_LIST[-1] == b'\x00\x05'
E       AssertionError: assert b'\x00\x00' == b'\x00\x05'
E         
E         At index 1 diff: b'\x00' != b'\x05'
E         Use -v to get more diff

jarm/ciphers/baserock_generated_tests/baserock_test_ciphers.py:71: AssertionError</failure></testcase><testcase classname="baserock_generated_tests.baserock_test_ciphers" name="test_no_1_3_list_order" time="0.000" /><testcase classname="baserock_generated_tests.baserock_test_ciphers" name="test_ciphers_values_type" time="0.000" /></testsuite></testsuites>